<?xml version="1.0" encoding="UTF-8"?>
<testsuite xmlns:xsi="http://www.w3.org/2001/XMLSchema-instance" xsi:noNamespaceSchemaLocation="https://maven.apache.org/surefire/maven-surefire-plugin/xsd/surefire-test-report-3.0.xsd" version="3.0" name="com.example.lostfound.e2e.Scenario03_CreateLostTest" time="1.905" tests="1" errors="0" skipped="0" failures="0">
  <properties>
[...]
</properties>
  <testcase name="staff_creates_lost_post_and_db_has_it" classname="com.example.lostfound.e2e.Scenario03_CreateLostTest" time="1.903">
    <system-out><![CDATA[[E2E] seleniumUrl=http://localhost:4445/wd/hub
[E2E] baseUrl=http://172.18.0.3:8081
[E2E][DB] dbPath=C:/dev/YDG-ci/data/lostfound.db
[E2E] Dumped HTML/PNG: lost_new_open
[E2E] Dumped HTML/PNG: lost_new_filled
[E2E] Dumped HTML/PNG: after_submit
[E2E][DB] USERS:
  id=1 email=admin@demo.com role=ADMIN
  id=2 email=staff@demo.com role=STAFF
  id=3 email=user@demo.com role=USER
[E2E][DB] SCHEMA DUMP dbPath=C:/dev/YDG-ci/data/lostfound.db
[E2E][DB] table=audit_logs
[E2E][DB]   cols=[id, actor_user_id, action, entity_type, entity_id, created_at]
[E2E][DB] table=claims
[E2E][DB]   cols=[id, user_id, found_report_id, proof_text, status, created_at, decided_at, decided_by]
[E2E][DB] table=custody_items
[E2E][DB]   cols=[id, found_report_id, shelf_code, intake_at, current_status]
[E2E][DB] table=found_reports
[E2E][DB]   cols=[id, staff_id, title, description, category, location, date_found, status, created_at]
[E2E][DB] table=handovers
[E2E][DB]   cols=[id, claim_id, custody_item_id, otp_code, delivered_at, delivered_by, receiver_name]
[E2E][DB] table=lost_reports
[E2E][DB]   cols=[id, user_id, title, description, category, location, date_lost, status, created_at]
[E2E][DB] table=users
[E2E][DB]   cols=[id, name, email, password_hash, role, created_at]
[E2E][BODY][after_submit] Kayıp İlanlarım
← Home
ID Title Status Location Date
17 cuzdan80213849 OPEN Kampüs 2025-12-27
16 cuzdan79577641 OPEN Kampüs 2025-12-27
15 cuzdan77938457 OPEN Kampüs 2025-12-27
14 cuzdan77826454 OPEN Kampüs 2025-12-27
13 cuzdan77331659 OPEN Kampüs 2025-12-27
12 cuzdan76600189 OPEN Kampüs 2025-12-27
11 cuzdan65736528 OPEN Kampüs 2025-12-27
10 cuzdan97478496 OPEN Kampüs 2025-12-27
9 cuzdan93924534 OPEN Kampüs 2025-12-27
8 cuzdan93223648 OPEN Kampüs 2025-12-27
7 cuzdan90261980 OPEN Kampüs 2025-12-27
6 cuzdan89146709 OPEN Kampüs 2025-12-27
5 cuzdan87470978 OPEN Kampüs 2025-12-27
[E2E][DB][LOST] try=1 title=cuzdan80213849 => true
]]></system-out>
    <system-err><![CDATA[SLF4J: Failed to load class "org.slf4j.impl.StaticLoggerBinder".
SLF4J: Defaulting to no-operation (NOP) logger implementation
SLF4J: See http://www.slf4j.org/codes.html#StaticLoggerBinder for further details.
]]></system-err>
  </testcase>
</testsuite>